
  .   ____          _            __ _ _
 /\\ / ___'_ __ _ _(_)_ __  __ _ \ \ \ \
( ( )\___ | '_ | '_| | '_ \/ _` | \ \ \ \
 \\/  ___)| |_)| | | | | || (_| |  ) ) ) )
  '  |____| .__|_| |_|_| |_\__, | / / / /
 =========|_|==============|___/=/_/_/_/

 :: Spring Boot ::                (v4.0.5)

2026-04-12T23:07:57.612+05:30  INFO 66124 --- [           main] c.e.springapp.SpringappApplication       : Starting SpringappApplication v0.0.1-SNAPSHOT using Java 21.0.10 with PID 66124 (C:\Users\jeevi\OneDrive\Documents\Multi-Tenant Task Management System\springapp\target\springapp-0.0.1-SNAPSHOT.jar started by jeevi in c:\Users\jeevi\OneDrive\Documents\Multi-Tenant Task Management System\springapp)
2026-04-12T23:07:57.626+05:30  INFO 66124 --- [           main] c.e.springapp.SpringappApplication       : No active profile set, falling back to 1 default profile: "default"
2026-04-12T23:07:59.247+05:30  INFO 66124 --- [           main] .s.d.r.c.RepositoryConfigurationDelegate : Bootstrapping Spring Data JPA repositories in DEFAULT mode.
2026-04-12T23:07:59.322+05:30  INFO 66124 --- [           main] .s.d.r.c.RepositoryConfigurationDelegate : Finished Spring Data repository scanning in 61 ms. Found 2 JPA repository interfaces.
2026-04-12T23:08:00.227+05:30  INFO 66124 --- [           main] o.s.boot.tomcat.TomcatWebServer          : Tomcat initialized with port 8080 (http)
2026-04-12T23:08:00.245+05:30  INFO 66124 --- [           main] o.apache.catalina.core.StandardService   : Starting service [Tomcat]
2026-04-12T23:08:00.246+05:30  INFO 66124 --- [           main] o.apache.catalina.core.StandardEngine    : Starting Servlet engine: [Apache Tomcat/11.0.20]
2026-04-12T23:08:00.297+05:30  INFO 66124 --- [           main] b.w.c.s.WebApplicationContextInitializer : Root WebApplicationContext: initialization completed in 2518 ms
2026-04-12T23:08:00.801+05:30  INFO 66124 --- [           main] org.hibernate.orm.jpa                    : HHH008540: Processing PersistenceUnitInfo [name: default]
2026-04-12T23:08:00.954+05:30  INFO 66124 --- [           main] org.hibernate.orm.core                   : HHH000001: Hibernate ORM core version 7.2.7.Final
2026-04-12T23:08:02.069+05:30  INFO 66124 --- [           main] o.s.o.j.p.SpringPersistenceUnitInfo      : No LoadTimeWeaver setup: ignoring JPA class transformer
2026-04-12T23:08:02.112+05:30  INFO 66124 --- [           main] com.zaxxer.hikari.HikariDataSource       : HikariPool-1 - Starting...
2026-04-12T23:08:02.670+05:30  INFO 66124 --- [           main] com.zaxxer.hikari.pool.HikariPool        : HikariPool-1 - Added connection com.mysql.cj.jdbc.ConnectionImpl@4ba13fed
2026-04-12T23:08:02.673+05:30  INFO 66124 --- [           main] com.zaxxer.hikari.HikariDataSource       : HikariPool-1 - Start completed.
2026-04-12T23:08:02.814+05:30  INFO 66124 --- [           main] org.hibernate.orm.connections.pooling    : HHH10001005: Database info:
	Database JDBC URL [jdbc:mysql://localhost/taskmanagement?createDatabaseIfNotExist=true]
	Database driver: MySQL Connector/J
	Database dialect: MySQLDialect
	Database version: 8.0.40
	Default catalog/schema: taskmanagement/undefined
	Autocommit mode: undefined/unknown
	Isolation level: REPEATABLE_READ [default REPEATABLE_READ]
	JDBC fetch size: none
	Pool: DataSourceConnectionProvider
	Minimum pool size: undefined/unknown
	Maximum pool size: undefined/unknown
2026-04-12T23:08:05.001+05:30  INFO 66124 --- [           main] org.hibernate.orm.core                   : HHH000489: No JTA platform available (set 'hibernate.transaction.jta.platform' to enable JTA platform integration)
2026-04-12T23:08:05.162+05:30  INFO 66124 --- [           main] j.LocalContainerEntityManagerFactoryBean : Initialized JPA EntityManagerFactory for persistence unit 'default'
2026-04-12T23:08:05.355+05:30  INFO 66124 --- [           main] o.s.d.j.r.query.QueryEnhancerFactories   : Hibernate is in classpath; If applicable, HQL parser will be used.
2026-04-12T23:08:05.991+05:30  INFO 66124 --- [           main] eAuthenticationProviderManagerConfigurer : Global AuthenticationManager configured with AuthenticationProvider bean with name authenticationProvider
2026-04-12T23:08:05.992+05:30  WARN 66124 --- [           main] r$InitializeUserDetailsManagerConfigurer : Global AuthenticationManager configured with an AuthenticationProvider bean. UserDetailsService beans will not be used by Spring Security for automatically configuring username/password login. Consider removing the AuthenticationProvider bean. Alternatively, consider using the UserDetailsService in a manually instantiated DaoAuthenticationProvider. If the current configuration is intentional, to turn off this warning, increase the logging level of 'org.springframework.security.config.annotation.authentication.configuration.InitializeUserDetailsBeanManagerConfigurer' to ERROR
2026-04-12T23:08:06.283+05:30  WARN 66124 --- [           main] JpaBaseConfiguration$JpaWebConfiguration : spring.jpa.open-in-view is enabled by default. Therefore, database queries may be performed during view rendering. Explicitly configure spring.jpa.open-in-view to disable this warning
2026-04-12T23:08:08.009+05:30  INFO 66124 --- [           main] o.s.boot.tomcat.TomcatWebServer          : Tomcat started on port 8080 (http) with context path '/'
2026-04-12T23:08:08.043+05:30  INFO 66124 --- [           main] c.e.springapp.SpringappApplication       : Started SpringappApplication in 11.201 seconds (process running for 12.147)
^C